<?xml version="1.0" encoding="UTF-8"?>
<!-- Generated by org.testng.reporters.JUnitReportReporter -->
<testsuite hostname="LAPTOP-D2314ACD" failures="0" tests="2" name="zavrsniRad.SummerDressesTest" time="15.248" errors="1" timestamp="2020-04-14T21:38:02 CEST" skipped="1">
  <testcase classname="zavrsniRad.SummerDressesTest" name="test" time="0.000">
    <skipped/>
  </testcase> <!-- test -->
  <system-out/>
  <testcase classname="zavrsniRad.SummerDressesTest" name="beforeClass" time="15.248">
    <error message="session not created
from chrome not reachable
  (Session info: chrome=80.0.3987.163)
Build info: version: &#039;3.141.59&#039;, revision: &#039;e82be7d358&#039;, time: &#039;2018-11-14T08:25:48&#039;
System info: host: &#039;LAPTOP-D2314ACD&#039;, ip: &#039;192.168.1.196&#039;, os.name: &#039;Windows 10&#039;, os.arch: &#039;amd64&#039;, os.version: &#039;10.0&#039;, java.version: &#039;13.0.2&#039;
Driver info: driver.version: ChromeDriver
remote stacktrace: Backtrace:
	Ordinal0 [0x01010C83+1707139]
	Ordinal0 [0x00F768F1+1075441]
	Ordinal0 [0x00EEDE72+515698]
	Ordinal0 [0x00EE7CA8+490664]
	Ordinal0 [0x00EE839B+492443]
	Ordinal0 [0x00EE92F5+496373]
	Ordinal0 [0x00EE4F05+478981]
	Ordinal0 [0x00EEECA0+519328]
	Ordinal0 [0x00E9CA67+182887]
	Ordinal0 [0x00E9BDDD+179677]
	Ordinal0 [0x00E99D4B+171339]
	Ordinal0 [0x00E81D4A+73034]
	Ordinal0 [0x00E82DC0+77248]
	Ordinal0 [0x00E82D59+77145]
	Ordinal0 [0x00F8BB67+1162087]
	GetHandleVerifier [0x010AA966+508998]
	GetHandleVerifier [0x010AA6A4+508292]
	GetHandleVerifier [0x010BF7B7+594583]
	GetHandleVerifier [0x010AB1D6+511158]
	Ordinal0 [0x00F8402C+1130540]
	Ordinal0 [0x00F8D4CB+1168587]
	Ordinal0 [0x00F8D633+1168947]
	Ordinal0 [0x00FA5B35+1268533]
	BaseThreadInitThunk [0x75E06359+25]
	RtlGetAppContainerNamedObjectPath [0x77817B74+228]
	RtlGetAppContainerNamedObjectPath [0x77817B44+180]
" type="org.openqa.selenium.SessionNotCreatedException">
      <![CDATA[org.openqa.selenium.SessionNotCreatedException: session not created
from chrome not reachable
  (Session info: chrome=80.0.3987.163)
Build info: version: '3.141.59', revision: 'e82be7d358', time: '2018-11-14T08:25:48'
System info: host: 'LAPTOP-D2314ACD', ip: '192.168.1.196', os.name: 'Windows 10', os.arch: 'amd64', os.version: '10.0', java.version: '13.0.2'
Driver info: driver.version: ChromeDriver
remote stacktrace: Backtrace:
Ordinal0 [0x01010C83+1707139]
Ordinal0 [0x00F768F1+1075441]
Ordinal0 [0x00EEDE72+515698]
Ordinal0 [0x00EE7CA8+490664]
Ordinal0 [0x00EE839B+492443]
Ordinal0 [0x00EE92F5+496373]
Ordinal0 [0x00EE4F05+478981]
Ordinal0 [0x00EEECA0+519328]
Ordinal0 [0x00E9CA67+182887]
Ordinal0 [0x00E9BDDD+179677]
Ordinal0 [0x00E99D4B+171339]
Ordinal0 [0x00E81D4A+73034]
Ordinal0 [0x00E82DC0+77248]
Ordinal0 [0x00E82D59+77145]
Ordinal0 [0x00F8BB67+1162087]
GetHandleVerifier [0x010AA966+508998]
GetHandleVerifier [0x010AA6A4+508292]
GetHandleVerifier [0x010BF7B7+594583]
GetHandleVerifier [0x010AB1D6+511158]
Ordinal0 [0x00F8402C+1130540]
Ordinal0 [0x00F8D4CB+1168587]
Ordinal0 [0x00F8D633+1168947]
Ordinal0 [0x00FA5B35+1268533]
BaseThreadInitThunk [0x75E06359+25]
RtlGetAppContainerNamedObjectPath [0x77817B74+228]
RtlGetAppContainerNamedObjectPath [0x77817B44+180]

at java.base/jdk.internal.reflect.NativeConstructorAccessorImpl.newInstance0(Native Method)
at java.base/jdk.internal.reflect.NativeConstructorAccessorImpl.newInstance(NativeConstructorAccessorImpl.java:62)
at java.base/jdk.internal.reflect.DelegatingConstructorAccessorImpl.newInstance(DelegatingConstructorAccessorImpl.java:45)
at java.base/java.lang.reflect.Constructor.newInstanceWithCaller(Constructor.java:500)
at java.base/java.lang.reflect.Constructor.newInstance(Constructor.java:481)
at org.openqa.selenium.remote.W3CHandshakeResponse.lambda$errorHandler$0(W3CHandshakeResponse.java:62)
at org.openqa.selenium.remote.HandshakeResponse.lambda$getResponseFunction$0(HandshakeResponse.java:30)
at org.openqa.selenium.remote.ProtocolHandshake.lambda$createSession$0(ProtocolHandshake.java:126)
at java.base/java.util.stream.ReferencePipeline$3$1.accept(ReferencePipeline.java:195)
at java.base/java.util.Spliterators$ArraySpliterator.tryAdvance(Spliterators.java:958)
at java.base/java.util.stream.ReferencePipeline.forEachWithCancel(ReferencePipeline.java:127)
at java.base/java.util.stream.AbstractPipeline.copyIntoWithCancel(AbstractPipeline.java:502)
at java.base/java.util.stream.AbstractPipeline.copyInto(AbstractPipeline.java:488)
at java.base/java.util.stream.AbstractPipeline.wrapAndCopyInto(AbstractPipeline.java:474)
at java.base/java.util.stream.FindOps$FindOp.evaluateSequential(FindOps.java:150)
at java.base/java.util.stream.AbstractPipeline.evaluate(AbstractPipeline.java:234)
at java.base/java.util.stream.ReferencePipeline.findFirst(ReferencePipeline.java:543)
at org.openqa.selenium.remote.ProtocolHandshake.createSession(ProtocolHandshake.java:128)
at org.openqa.selenium.remote.ProtocolHandshake.createSession(ProtocolHandshake.java:74)
at org.openqa.selenium.remote.HttpCommandExecutor.execute(HttpCommandExecutor.java:136)
at org.openqa.selenium.remote.service.DriverCommandExecutor.execute(DriverCommandExecutor.java:83)
at org.openqa.selenium.remote.RemoteWebDriver.execute(RemoteWebDriver.java:552)
at org.openqa.selenium.remote.RemoteWebDriver.startSession(RemoteWebDriver.java:213)
at org.openqa.selenium.remote.RemoteWebDriver.<init>(RemoteWebDriver.java:131)
at org.openqa.selenium.chrome.ChromeDriver.<init>(ChromeDriver.java:181)
at org.openqa.selenium.chrome.ChromeDriver.<init>(ChromeDriver.java:168)
at org.openqa.selenium.chrome.ChromeDriver.<init>(ChromeDriver.java:123)
at zavrsniRad.SummerDressesTest.beforeClass(SummerDressesTest.java:21)
at java.base/jdk.internal.reflect.NativeMethodAccessorImpl.invoke0(Native Method)
at java.base/jdk.internal.reflect.NativeMethodAccessorImpl.invoke(NativeMethodAccessorImpl.java:62)
at java.base/jdk.internal.reflect.DelegatingMethodAccessorImpl.invoke(DelegatingMethodAccessorImpl.java:43)
at java.base/java.lang.reflect.Method.invoke(Method.java:567)
at org.testng.internal.MethodInvocationHelper.invokeMethod(MethodInvocationHelper.java:135)
at org.testng.internal.MethodInvocationHelper.invokeMethodConsideringTimeout(MethodInvocationHelper.java:64)
at org.testng.internal.ConfigInvoker.invokeConfigurationMethod(ConfigInvoker.java:364)
at org.testng.internal.ConfigInvoker.invokeConfigurations(ConfigInvoker.java:318)
at org.testng.internal.TestMethodWorker.invokeBeforeClassMethods(TestMethodWorker.java:176)
at org.testng.internal.TestMethodWorker.run(TestMethodWorker.java:122)
at java.base/java.util.ArrayList.forEach(ArrayList.java:1507)
at org.testng.TestRunner.privateRun(TestRunner.java:767)
at org.testng.TestRunner.run(TestRunner.java:588)
at org.testng.SuiteRunner.runTest(SuiteRunner.java:384)
at org.testng.SuiteRunner.runSequentially(SuiteRunner.java:378)
at org.testng.SuiteRunner.privateRun(SuiteRunner.java:337)
at org.testng.SuiteRunner.run(SuiteRunner.java:286)
at org.testng.SuiteRunnerWorker.runSuite(SuiteRunnerWorker.java:53)
at org.testng.SuiteRunnerWorker.run(SuiteRunnerWorker.java:96)
at org.testng.TestNG.runSuitesSequentially(TestNG.java:1214)
at org.testng.TestNG.runSuitesLocally(TestNG.java:1136)
at org.testng.TestNG.runSuites(TestNG.java:1066)
at org.testng.TestNG.run(TestNG.java:1034)
at org.testng.remote.AbstractRemoteTestNG.run(AbstractRemoteTestNG.java:115)
at org.testng.remote.RemoteTestNG.initAndRun(RemoteTestNG.java:251)
at org.testng.remote.RemoteTestNG.main(RemoteTestNG.java:77)
]]>
    </error>
  </testcase> <!-- beforeClass -->
  <system-out/>
</testsuite> <!-- zavrsniRad.SummerDressesTest -->
